Flow report for ReCOP-DE2
Tue Apr 29 20:15:41 2025
Quartus Prime Version 18.1.0 Build 625 09/12/2018 SJ Standard Edition


---------------------
; Table of Contents ;
---------------------
  1. Legal Notice
  2. Flow Summary
  3. Flow Settings
  4. Flow Non-Default Global Settings
  5. Flow Elapsed Time
  6. Flow OS Summary
  7. Flow Log
  8. Flow Messages
  9. Flow Suppressed Messages



----------------
; Legal Notice ;
----------------
Copyright (C) 2018  Intel Corporation. All rights reserved.
Your use of Intel Corporation's design tools, logic functions 
and other software and tools, and its AMPP partner logic 
functions, and any output files from any of the foregoing 
(including device programming or simulation files), and any 
associated documentation or information are expressly subject 
to the terms and conditions of the Intel Program License 
Subscription Agreement, the Intel Quartus Prime License Agreement,
the Intel FPGA IP License Agreement, or other applicable license
agreement, including, without limitation, that your use is for
the sole purpose of programming logic devices manufactured by
Intel and sold by Intel or its authorized distributors.  Please
refer to the applicable agreement for further details.



+--------------------------------------------------------------------------------------+
; Flow Summary                                                                         ;
+------------------------------------+-------------------------------------------------+
; Flow Status                        ; Successful - Tue Apr 29 20:15:41 2025           ;
; Quartus Prime Version              ; 18.1.0 Build 625 09/12/2018 SJ Standard Edition ;
; Revision Name                      ; ReCOP-DE2                                       ;
; Top-level Entity Name              ; datapath                                        ;
; Family                             ; Cyclone IV E                                    ;
; Device                             ; EP4CE115F29C7                                   ;
; Timing Models                      ; Final                                           ;
; Total logic elements               ; 958 / 114,480 ( < 1 % )                         ;
;     Total combinational functions  ; 820 / 114,480 ( < 1 % )                         ;
;     Dedicated logic registers      ; 381 / 114,480 ( < 1 % )                         ;
; Total registers                    ; 381                                             ;
; Total pins                         ; 69 / 529 ( 13 % )                               ;
; Total virtual pins                 ; 0                                               ;
; Total memory bits                  ; 589,824 / 3,981,312 ( 15 % )                    ;
; Embedded Multiplier 9-bit elements ; 0 / 532 ( 0 % )                                 ;
; Total PLLs                         ; 1 / 4 ( 25 % )                                  ;
+------------------------------------+-------------------------------------------------+


+-----------------------------------------+
; Flow Settings                           ;
+-------------------+---------------------+
; Option            ; Setting             ;
+-------------------+---------------------+
; Start date & time ; 04/29/2025 20:01:02 ;
; Main task         ; Compilation         ;
; Revision Name     ; ReCOP-DE2           ;
+-------------------+---------------------+


+-------------------------------------------------------------------------------------------------------------------------+
; Flow Non-Default Global Settings                                                                                        ;
+-------------------------------------+----------------------------------------+---------------+-------------+------------+
; Assignment Name                     ; Value                                  ; Default Value ; Entity Name ; Section Id ;
+-------------------------------------+----------------------------------------+---------------+-------------+------------+
; COMPILER_SIGNATURE_ID               ; 128122668284646.174591366212244        ; --            ; --          ; --         ;
; MAX_CORE_JUNCTION_TEMP              ; 85                                     ; --            ; --          ; --         ;
; MIN_CORE_JUNCTION_TEMP              ; 0                                      ; --            ; --          ; --         ;
; NOMINAL_CORE_SUPPLY_VOLTAGE         ; 1.2V                                   ; --            ; --          ; --         ;
; PARTITION_COLOR                     ; -- (Not supported for targeted family) ; --            ; datapath    ; Top        ;
; PARTITION_FITTER_PRESERVATION_LEVEL ; -- (Not supported for targeted family) ; --            ; datapath    ; Top        ;
; PARTITION_NETLIST_TYPE              ; -- (Not supported for targeted family) ; --            ; datapath    ; Top        ;
; POWER_BOARD_THERMAL_MODEL           ; None (CONSERVATIVE)                    ; --            ; --          ; --         ;
; POWER_PRESET_COOLING_SOLUTION       ; 23 MM HEAT SINK WITH 200 LFPM AIRFLOW  ; --            ; --          ; --         ;
; PROJECT_OUTPUT_DIRECTORY            ; output_files                           ; --            ; --          ; --         ;
; TOP_LEVEL_ENTITY                    ; datapath                               ; ReCOP-DE2     ; --          ; --         ;
+-------------------------------------+----------------------------------------+---------------+-------------+------------+


+--------------------------------------------------------------------------------------------------------------------------+
; Flow Elapsed Time                                                                                                        ;
+----------------------+--------------+-------------------------+---------------------+------------------------------------+
; Module Name          ; Elapsed Time ; Average Processors Used ; Peak Virtual Memory ; Total CPU Time (on all processors) ;
+----------------------+--------------+-------------------------+---------------------+------------------------------------+
; Analysis & Synthesis ; 00:00:09     ; 1.0                     ; 4917 MB             ; 00:00:04                           ;
; Fitter               ; 00:00:16     ; 1.1                     ; 6435 MB             ; 00:00:08                           ;
; Assembler            ; 00:00:02     ; 1.0                     ; 4698 MB             ; 00:00:01                           ;
; Timing Analyzer      ; 00:00:01     ; 1.3                     ; 4966 MB             ; 00:00:01                           ;
; MIF/HEX Update       ; 00:00:02     ; 1.0                     ; 4796 MB             ; 00:00:00                           ;
; Assembler            ; 00:00:02     ; 1.0                     ; 4702 MB             ; 00:00:01                           ;
; Total                ; 00:00:32     ; --                      ; --                  ; 00:00:15                           ;
+----------------------+--------------+-------------------------+---------------------+------------------------------------+


+------------------------------------------------------------------------------------+
; Flow OS Summary                                                                    ;
+----------------------+------------------+------------+------------+----------------+
; Module Name          ; Machine Hostname ; OS Name    ; OS Version ; Processor type ;
+----------------------+------------------+------------+------------+----------------+
; Analysis & Synthesis ; EN433358         ; Windows 10 ; 10.0       ; x86_64         ;
; Fitter               ; EN433358         ; Windows 10 ; 10.0       ; x86_64         ;
; Assembler            ; EN433358         ; Windows 10 ; 10.0       ; x86_64         ;
; Timing Analyzer      ; EN433358         ; Windows 10 ; 10.0       ; x86_64         ;
; MIF/HEX Update       ; EN433358         ; Windows 10 ; 10.0       ; x86_64         ;
; Assembler            ; EN433358         ; Windows 10 ; 10.0       ; x86_64         ;
+----------------------+------------------+------------+------------+----------------+


------------
; Flow Log ;
------------
quartus_map --read_settings_files=on --write_settings_files=off ReCOP-DE2 -c ReCOP-DE2
quartus_fit --read_settings_files=off --write_settings_files=off ReCOP-DE2 -c ReCOP-DE2
quartus_asm --read_settings_files=off --write_settings_files=off ReCOP-DE2 -c ReCOP-DE2
quartus_sta ReCOP-DE2 -c ReCOP-DE2
quartus_cdb ReCOP-DE2 -c ReCOP-DE2 --update_mif
quartus_asm --read_settings_files=on --write_settings_files=off ReCOP-DE2 -c ReCOP-DE2



